Flutter crash report.
Please report a bug at https://github.com/flutter/flutter/issues.

## command

flutter pub get

## exception

ProcessException: ProcessException: No such file or directoryWorking directory: "/Users/choffman/code/MobileSDK/aepsdk_flutter/plugins/flutter_aepassurance/example"
pub env: {
  "FLUTTER_ROOT": "/Users/choffman/flutter",
  "PUB_ENVIRONMENT": "flutter_cli:get",
  "PUB_CACHE": "/Users/choffman/flutter/.pub-cache",
}

  Command: /Users/choffman/flutter/bin/cache/dart-sdk/bin/dart __deprecated_pub --verbosity=warning get --no-precompile

```
#0      _DefaultPub.get (package:flutter_tools/src/dart/pub.dart:278:9)
<asynchronous suspension>
#1      PackagesGetCommand._runPubGet (package:flutter_tools/src/commands/packages.dart:142:7)
<asynchronous suspension>
#2      PackagesGetCommand.runCommand (package:flutter_tools/src/commands/packages.dart:182:7)
<asynchronous suspension>
#3      FlutterCommand.run.<anonymous closure> (package:flutter_tools/src/runner/flutter_command.dart:1140:27)
<asynchronous suspension>
#4      AppContext.run.<anonymous closure> (package:flutter_tools/src/base/context.dart:150:19)
<asynchronous suspension>
#5      CommandRunner.runCommand (package:args/command_runner.dart:209:13)
<asynchronous suspension>
#6      FlutterCommandRunner.runCommand.<anonymous closure> (package:flutter_tools/src/runner/flutter_command_runner.dart:288:9)
<asynchronous suspension>
#7      AppContext.run.<anonymous closure> (package:flutter_tools/src/base/context.dart:150:19)
<asynchronous suspension>
#8      FlutterCommandRunner.runCommand (package:flutter_tools/src/runner/flutter_command_runner.dart:236:5)
<asynchronous suspension>
#9      run.<anonymous closure>.<anonymous closure> (package:flutter_tools/runner.dart:62:9)
<asynchronous suspension>
#10     AppContext.run.<anonymous closure> (package:flutter_tools/src/base/context.dart:150:19)
<asynchronous suspension>
#11     main (package:flutter_tools/executable.dart:94:3)
<asynchronous suspension>
```

## flutter doctor

```
[✓] Flutter (Channel stable, 2.8.1, on macOS 11.4 20F71 darwin-x64, locale en-US)
    • Flutter version 2.8.1 at /Users/choffman/flutter
    • Upstream repository https://github.com/flutter/flutter.git
    • Framework revision 77d935af4d (9 weeks ago), 2021-12-16 08:37:33 -0800
    • Engine revision 890a5fca2e
    • Dart version 2.15.1

[!] Android toolchain - develop for Android devices (Android SDK version 29.0.2)
    • Android SDK at /Users/choffman/Library/Android/sdk
    ✗ cmdline-tools component is missing
      Run `path/to/sdkmanager --install "cmdline-tools;latest"`
      See https://developer.android.com/studio/command-line for more details.
    ✗ Android license status unknown.
      Run `flutter doctor --android-licenses` to accept the SDK licenses.
      See https://flutter.dev/docs/get-started/install/macos#android-setup for more details.

[✓] Xcode - develop for iOS and macOS (Xcode 13.2.1)
    • Xcode at /Applications/Xcode.app/Contents/Developer
    • CocoaPods version 1.11.2

[✓] Chrome - develop for the web
    • Chrome at /Applications/Google Chrome.app/Contents/MacOS/Google Chrome

[✓] Android Studio (version 3.5)
    • Android Studio at /Applications/Android Studio.app/Contents
    • Flutter plugin can be installed from:
      🔨 https://plugins.jetbrains.com/plugin/9212-flutter
    • Dart plugin can be installed from:
      🔨 https://plugins.jetbrains.com/plugin/6351-dart
    • Java version OpenJDK Runtime Environment (build 1.8.0_202-release-1483-b49-5587405)

[✓] IntelliJ IDEA Community Edition (version 2019.3.2)
    • IntelliJ at /Applications/IntelliJ IDEA CE.app
    • Flutter plugin can be installed from:
      🔨 https://plugins.jetbrains.com/plugin/9212-flutter
    • Dart plugin can be installed from:
      🔨 https://plugins.jetbrains.com/plugin/6351-dart

[✓] VS Code (version 1.63.2)
    • VS Code at /Applications/Visual Studio Code.app/Contents
    • Flutter extension version 3.34.0

[✓] Connected device (2 available)
    • iPod touch (7th generation) (mobile) • EB1366FC-3173-42C5-B8B0-19DAF3765750 • ios            • com.apple.CoreSimulator.SimRuntime.iOS-15-2 (simulator)
    • Chrome (web)                         • chrome                               • web-javascript • Google Chrome 98.0.4758.80

! Doctor found issues in 1 category.
```
